<?xml version="1.0" encoding="UTF-8"?>
<testng-results ignored="0" total="1" passed="1" failed="0" skipped="0">
  <reporter-output>
  </reporter-output>
  <suite started-at="2022-01-10T13:36:17 IST" name="Default suite" finished-at="2022-01-10T13:36:29 IST" duration-ms="12331">
    <groups>
    </groups>
    <test started-at="2022-01-10T13:36:17 IST" name="Default test" finished-at="2022-01-10T13:36:29 IST" duration-ms="12331">
      <class name="Example.cookies">
        <test-method signature="addcookies()[pri:0, instance:Example.cookies@d29f28]" started-at="2022-01-10T13:36:17 IST" name="addcookies" finished-at="2022-01-10T13:36:29 IST" duration-ms="12268" status="PASS">
          <reporter-output>
          </reporter-output>
        </test-method> <!-- addcookies -->
      </class> <!-- Example.cookies -->
    </test> <!-- Default test -->
  </suite> <!-- Default suite -->
</testng-results>
